Vivado Simulator 2016.1
Time resolution is 1 ps
Stopped at time : 90 ns : File "D:/ACAProject/Pipeline/Pipeline.srcs/sources_1/new/Decoder.vhd" Line 103
Stopped at time : 90 ns : File "D:/ACAProject/Pipeline/Pipeline.srcs/sources_1/new/Decoder.vhd" Line 114
Stopped at time : 90 ns : File "D:/ACAProject/Pipeline/Pipeline.srcs/sources_1/new/Decoder.vhd" Line 115
Stopped at time : 90 ns : File "D:/ACAProject/Pipeline/Pipeline.srcs/sources_1/new/Decoder.vhd" Line 116
Stopped at time : 90 ns : File "D:/ACAProject/Pipeline/Pipeline.srcs/sources_1/new/Decoder.vhd" Line 117
Stopped at time : 90 ns : File "D:/ACAProject/Pipeline/Pipeline.srcs/sources_1/new/Decoder.vhd" Line 118
Stopped at time : 90 ns : File "D:/ACAProject/Pipeline/Pipeline.srcs/sources_1/new/Decoder.vhd" Line 119
Stopped at time : 90 ns : File "D:/ACAProject/Pipeline/Pipeline.srcs/sources_1/new/Decoder.vhd" Line 120
Stopped at time : 90 ns : File "D:/ACAProject/Pipeline/Pipeline.srcs/sources_1/new/Decoder.vhd" Line 121
Stopped at time : 90 ns : File "D:/ACAProject/Pipeline/Pipeline.srcs/sources_1/new/EXMEMReg.vhd" Line 51
Stopped at time : 90 ns : File "D:/ACAProject/Pipeline/Pipeline.srcs/sources_1/new/IDEXReg.vhd" Line 60
Stopped at time : 90 ns : File "D:/ACAProject/Pipeline/Pipeline.srcs/sources_1/new/IFIDReg.vhd" Line 44
Stopped at time : 90 ns : File "D:/ACAProject/Pipeline/Pipeline.srcs/sources_1/new/InstMem.vhd" Line 54
Stopped at time : 90 ns : File "D:/ACAProject/Pipeline/Pipeline.srcs/sources_1/new/InstMem.vhd" Line 56
Stopped at time : 90 ns : File "D:/ACAProject/Pipeline/Pipeline.srcs/sources_1/new/InstMem.vhd" Line 60
Stopped at time : 90 ns : File "D:/ACAProject/Pipeline/Pipeline.srcs/sources_1/new/MEMWBReg.vhd" Line 46
Stopped at time : 90 ns : File "D:/ACAProject/Pipeline/Pipeline.srcs/sources_1/new/PCAdder.vhd" Line 40
Stopped at time : 90 ns : File "D:/ACAProject/Pipeline/Pipeline.srcs/sources_1/new/PC.vhd" Line 38
